<?xml version="1.0" encoding="UTF-8"?>
<testng-results skipped="0" failed="0" ignored="0" total="2" passed="2">
  <reporter-output>
  </reporter-output>
  <suite name="Surefire suite" duration-ms="117" started-at="2021-01-05T17:37:50 GMT" finished-at="2021-01-05T17:37:50 GMT">
    <groups>
    </groups>
    <test name="Surefire test" duration-ms="117" started-at="2021-01-05T17:37:50 GMT" finished-at="2021-01-05T17:37:50 GMT">
      <class name="T1RemTest">
        <test-method status="PASS" signature="gradeTest()" name="gradeTest" duration-ms="24" started-at="2021-01-05T17:37:50 GMT" finished-at="2021-01-05T17:37:50 GMT">
          <reporter-output>
          </reporter-output>
        </test-method> <!-- gradeTest -->
        <test-method status="PASS" signature="generateGradeTest()" name="generateGradeTest" duration-ms="27" started-at="2021-01-05T17:37:50 GMT" finished-at="2021-01-05T17:37:50 GMT">
          <reporter-output>
          </reporter-output>
        </test-method> <!-- generateGradeTest -->
      </class> <!-- T1RemTest -->
    </test> <!-- Surefire test -->
  </suite> <!-- Surefire suite -->
</testng-results>
