<?xml version="1.0" encoding="UTF-8"?>
<testng-results skipped="0" failed="0" ignored="0" total="2" passed="2">
  <reporter-output>
  </reporter-output>
  <suite name="Surefire suite" duration-ms="119" started-at="2021-01-05T17:38:03 GMT" finished-at="2021-01-05T17:38:03 GMT">
    <groups>
    </groups>
    <test name="Surefire test" duration-ms="119" started-at="2021-01-05T17:38:03 GMT" finished-at="2021-01-05T17:38:03 GMT">
      <class name="T3DeepakTest">
        <test-method status="PASS" signature="PercentageTest()" name="PercentageTest" duration-ms="20" started-at="2021-01-05T17:38:03 GMT" finished-at="2021-01-05T17:38:03 GMT">
          <reporter-output>
          </reporter-output>
        </test-method> <!-- PercentageTest -->
        <test-method status="PASS" signature="generateGradeTest()" name="generateGradeTest" duration-ms="26" started-at="2021-01-05T17:38:03 GMT" finished-at="2021-01-05T17:38:03 GMT">
          <reporter-output>
          </reporter-output>
        </test-method> <!-- generateGradeTest -->
      </class> <!-- T3DeepakTest -->
    </test> <!-- Surefire test -->
  </suite> <!-- Surefire suite -->
</testng-results>
